<?xml version="1.0" encoding="UTF-8"?>
<testng-results ignored="0" total="2" passed="2" failed="0" skipped="0">
  <reporter-output>
  </reporter-output>
  <suite started-at="2023-03-09T17:19:48 IST" name="Default suite" finished-at="2023-03-09T17:20:16 IST" duration-ms="28207">
    <groups>
    </groups>
    <test started-at="2023-03-09T17:19:48 IST" name="Default test" finished-at="2023-03-09T17:20:16 IST" duration-ms="28207">
      <class name="com.OrangeApplicationTestCases.LoginFuctionalityTest">
        <test-method is-config="true" signature="applicationLaunch()[pri:0, instance:com.OrangeApplicationTestCases.LoginFuctionalityTest@3e84448c]" started-at="2023-03-09T17:19:48 IST" name="applicationLaunch" finished-at="2023-03-09T17:19:51 IST" duration-ms="3109" status="PASS">
          <reporter-output>
          </reporter-output>
        </test-method> <!-- applicationLaunch -->
        <test-method signature="validatingLoginText()[pri:1, instance:com.OrangeApplicationTestCases.LoginFuctionalityTest@3e84448c]" started-at="2023-03-09T17:19:51 IST" name="validatingLoginText" description="validatingLoginPage-LoginpanelText" finished-at="2023-03-09T17:19:52 IST" duration-ms="1572" status="PASS">
          <reporter-output>
          </reporter-output>
        </test-method> <!-- validatingLoginText -->
        <test-method signature="validateloginfuctionalitytest()[pri:2, instance:com.OrangeApplicationTestCases.LoginFuctionalityTest@3e84448c]" started-at="2023-03-09T17:19:52 IST" name="validateloginfuctionalitytest" description="OrangeHRMApplicationloginfuctionalitytest" finished-at="2023-03-09T17:20:15 IST" duration-ms="23134" status="PASS">
          <reporter-output>
          </reporter-output>
        </test-method> <!-- validateloginfuctionalitytest -->
        <test-method is-config="true" signature="Applicationclose()[pri:0, instance:com.OrangeApplicationTestCases.LoginFuctionalityTest@3e84448c]" started-at="2023-03-09T17:20:15 IST" name="Applicationclose" finished-at="2023-03-09T17:20:16 IST" duration-ms="321" status="PASS">
          <reporter-output>
          </reporter-output>
        </test-method> <!-- Applicationclose -->
      </class> <!-- com.OrangeApplicationTestCases.LoginFuctionalityTest -->
    </test> <!-- Default test -->
  </suite> <!-- Default suite -->
</testng-results>
