<?xml version="1.0" encoding="UTF-8"?>
<!-- Generated by org.testng.reporters.JUnitXMLReporter -->
<testsuite ignored="0" hostname="RAJU" failures="0" tests="3" name="Default test" time="14.446" errors="0" timestamp="2023-03-16T20:57:43 IST">
  <testcase classname="com.OranageHRMTestCases.OHRM_AddEmployee" name="AddEmployee" time="0.014"/>
  <testcase classname="com.OranageHRMTestCases.OHRM_AddEmployee" name="LoginfuctionaltyTest" time="8.752"/>
  <testcase classname="com.OranageHRMTestCases.OHRM_AddEmployee" name="LogoutTest" time="2.724"/>
</testsuite> <!-- Default test -->
