<?xml version="1.0" encoding="UTF-8"?>
<testng-results ignored="0" total="6" passed="6" failed="0" skipped="0">
  <reporter-output>
  </reporter-output>
  <suite started-at="2023-03-16T20:59:50 IST" name="OrangeHRMApplication" finished-at="2023-03-16T21:00:07 IST" duration-ms="16447">
    <groups>
    </groups>
    <test started-at="2023-03-16T20:59:50 IST" name="OrangeHRMApplicationLogInTest" finished-at="2023-03-16T20:59:59 IST" duration-ms="9267">
      <class name="com.OranageHRMTestCases.OrangeHRM_LogInTest">
        <test-method is-config="true" signature="applicationLaunch()[pri:0, instance:com.OranageHRMTestCases.OrangeHRM_LogInTest@702b8b12]" started-at="2023-03-16T20:59:50 IST" name="applicationLaunch" finished-at="2023-03-16T20:59:54 IST" duration-ms="3367" status="PASS">
          <reporter-output>
          </reporter-output>
        </test-method> <!-- applicationLaunch -->
        <test-method signature="LoginPanelTest()[pri:1, instance:com.OranageHRMTestCases.OrangeHRM_LogInTest@702b8b12]" started-at="2023-03-16T20:59:54 IST" name="LoginPanelTest" description="OangeHRMApplicationLogInpageTextValidation" finished-at="2023-03-16T20:59:54 IST" duration-ms="188" status="PASS">
          <reporter-output>
          </reporter-output>
        </test-method> <!-- LoginPanelTest -->
        <test-method signature="LoginFuctionalityTest()[pri:2, instance:com.OranageHRMTestCases.OrangeHRM_LogInTest@702b8b12]" started-at="2023-03-16T20:59:54 IST" name="LoginFuctionalityTest" finished-at="2023-03-16T20:59:58 IST" duration-ms="3830" status="PASS">
          <reporter-output>
          </reporter-output>
        </test-method> <!-- LoginFuctionalityTest -->
        <test-method signature="LogOutTest()[pri:3, instance:com.OranageHRMTestCases.OrangeHRM_LogInTest@702b8b12]" started-at="2023-03-16T20:59:58 IST" name="LogOutTest" finished-at="2023-03-16T20:59:59 IST" duration-ms="1434" status="PASS">
          <reporter-output>
          </reporter-output>
        </test-method> <!-- LogOutTest -->
        <test-method is-config="true" signature="Applicationclose()[pri:0, instance:com.OranageHRMTestCases.OrangeHRM_LogInTest@702b8b12]" started-at="2023-03-16T20:59:59 IST" name="Applicationclose" finished-at="2023-03-16T20:59:59 IST" duration-ms="360" status="PASS">
          <reporter-output>
          </reporter-output>
        </test-method> <!-- Applicationclose -->
      </class> <!-- com.OranageHRMTestCases.OrangeHRM_LogInTest -->
    </test> <!-- OrangeHRMApplicationLogInTest -->
    <test started-at="2023-03-16T20:59:50 IST" name="OrangeHRMApplicationAddEmployee" finished-at="2023-03-16T21:00:07 IST" duration-ms="16447">
      <class name="com.OranageHRMTestCases.OHRM_AddEmployee">
        <test-method is-config="true" signature="applicationLaunch()[pri:0, instance:com.OranageHRMTestCases.OHRM_AddEmployee@5562c41e]" started-at="2023-03-16T20:59:50 IST" name="applicationLaunch" finished-at="2023-03-16T20:59:54 IST" duration-ms="3479" status="PASS">
          <reporter-output>
          </reporter-output>
        </test-method> <!-- applicationLaunch -->
        <test-method signature="AddEmployee()[pri:1, instance:com.OranageHRMTestCases.OHRM_AddEmployee@5562c41e]" started-at="2023-03-16T20:59:54 IST" name="AddEmployee" finished-at="2023-03-16T20:59:54 IST" duration-ms="11" status="PASS">
          <reporter-output>
          </reporter-output>
        </test-method> <!-- AddEmployee -->
        <test-method signature="LoginfuctionaltyTest()[pri:2, instance:com.OranageHRMTestCases.OHRM_AddEmployee@5562c41e]" started-at="2023-03-16T20:59:54 IST" name="LoginfuctionaltyTest" finished-at="2023-03-16T21:00:03 IST" duration-ms="9716" status="PASS">
          <reporter-output>
          </reporter-output>
        </test-method> <!-- LoginfuctionaltyTest -->
        <test-method signature="LogoutTest()[pri:3, instance:com.OranageHRMTestCases.OHRM_AddEmployee@5562c41e]" started-at="2023-03-16T21:00:03 IST" name="LogoutTest" finished-at="2023-03-16T21:00:06 IST" duration-ms="3006" status="PASS">
          <reporter-output>
          </reporter-output>
        </test-method> <!-- LogoutTest -->
        <test-method is-config="true" signature="Applicationclose()[pri:0, instance:com.OranageHRMTestCases.OHRM_AddEmployee@5562c41e]" started-at="2023-03-16T21:00:06 IST" name="Applicationclose" finished-at="2023-03-16T21:00:07 IST" duration-ms="209" status="PASS">
          <reporter-output>
          </reporter-output>
        </test-method> <!-- Applicationclose -->
      </class> <!-- com.OranageHRMTestCases.OHRM_AddEmployee -->
    </test> <!-- OrangeHRMApplicationAddEmployee -->
  </suite> <!-- OrangeHRMApplication -->
</testng-results>
