<?xml version="1.0" encoding="UTF-8"?>
<!-- Generated by org.testng.reporters.JUnitXMLReporter -->
<testsuite ignored="0" hostname="RAJU" failures="2" tests="2" name="LoginFuctionalityTest" time="7.696" errors="0" timestamp="2023-03-02T11:30:14 IST">
  <testcase classname="com.OrangeApplicationTestCases.LoginFuctionalityTest" name="validatingLoginText" time="0.015">
    <failure type="java.io.FileNotFoundException" message=".\src\main\java\com\OrangeHRMApplicationTestDataFile\OHRMAddEmployeeData.xlsx (The system cannot find the file specified)">
      <![CDATA[java.io.FileNotFoundException: .\src\main\java\com\OrangeHRMApplicationTestDataFile\OHRMAddEmployeeData.xlsx (The system cannot find the file specified)
at java.base/java.io.FileInputStream.open0(Native Method)
at java.base/java.io.FileInputStream.open(FileInputStream.java:216)
at java.base/java.io.FileInputStream.<init>(FileInputStream.java:157)
at java.base/java.io.FileInputStream.<init>(FileInputStream.java:111)
at com.Utility.ExcelCommonMethods.<init>(ExcelCommonMethods.java:24)
at com.OrangeApplicationTestCases.LoginFuctionalityTest.validatingLoginText(LoginFuctionalityTest.java:27)
at java.base/java.util.ArrayList.forEach(ArrayList.java:1511)
... Removed 27 stack frames]]>
    </failure>
  </testcase> <!-- validatingLoginText -->
  <testcase classname="com.OrangeApplicationTestCases.LoginFuctionalityTest" name="validateloginfuctionalitytest" time="0.01">
    <failure type="java.lang.NullPointerException" message="Cannot invoke &amp;quot;com.Utility.ExcelCommonMethods.saveExcelData()&amp;quot; because &amp;quot;this.excelfile&amp;quot; is null">
      <![CDATA[java.lang.NullPointerException: Cannot invoke "com.Utility.ExcelCommonMethods.saveExcelData()" because "this.excelfile" is null
at com.OrangeApplicationTestCases.LoginFuctionalityTest.validateloginfuctionalitytest(LoginFuctionalityTest.java:93)
at java.base/java.util.ArrayList.forEach(ArrayList.java:1511)
... Removed 27 stack frames]]>
    </failure>
  </testcase> <!-- validateloginfuctionalitytest -->
</testsuite> <!-- LoginFuctionalityTest -->
