<?xml version="1.0" encoding="UTF-8"?>
<!-- Generated by org.testng.reporters.JUnitXMLReporter -->
<testsuite ignored="0" hostname="RAJU" failures="0" tests="2" name="Default test" time="28.207" errors="0" timestamp="2023-03-09T17:20:16 IST">
  <testcase classname="com.OrangeApplicationTestCases.LoginFuctionalityTest" name="validatingLoginText" time="1.572"/>
  <testcase classname="com.OrangeApplicationTestCases.LoginFuctionalityTest" name="validateloginfuctionalitytest" time="23.134"/>
</testsuite> <!-- Default test -->
