<?xml version="1.0" encoding="UTF-8"?>
<!-- Generated by org.testng.reporters.JUnitXMLReporter -->
<testsuite ignored="0" hostname="RAJU" failures="0" tests="3" name="OrangeHRMApplicationLogInTest" time="9.267" errors="0" timestamp="2023-03-16T20:59:59 IST">
  <testcase classname="com.OranageHRMTestCases.OrangeHRM_LogInTest" name="LoginPanelTest" time="0.188"/>
  <testcase classname="com.OranageHRMTestCases.OrangeHRM_LogInTest" name="LoginFuctionalityTest" time="3.83"/>
  <testcase classname="com.OranageHRMTestCases.OrangeHRM_LogInTest" name="LogOutTest" time="1.434"/>
</testsuite> <!-- OrangeHRMApplicationLogInTest -->
