<?xml version="1.0" encoding="UTF-8"?>
<!-- Generated by org.testng.reporters.JUnitXMLReporter -->
<testsuite ignored="0" hostname="RAJU" failures="0" tests="3" name="OrangeHRMApplicationAddEmployee" time="16.447" errors="0" timestamp="2023-03-16T21:00:07 IST">
  <testcase classname="com.OranageHRMTestCases.OHRM_AddEmployee" name="AddEmployee" time="0.011"/>
  <testcase classname="com.OranageHRMTestCases.OHRM_AddEmployee" name="LoginfuctionaltyTest" time="9.716"/>
  <testcase classname="com.OranageHRMTestCases.OHRM_AddEmployee" name="LogoutTest" time="3.006"/>
</testsuite> <!-- OrangeHRMApplicationAddEmployee -->
